<?xml version="1.0" encoding="UTF-8"?>
<testng-results skipped="0" failed="0" total="1" passed="1">
  <reporter-output>
  </reporter-output>
  <suite name="Default suite" duration-ms="8384" started-at="2019-08-07T02:06:22Z" finished-at="2019-08-07T02:06:30Z">
    <groups>
    </groups>
    <test name="Default test" duration-ms="8384" started-at="2019-08-07T02:06:22Z" finished-at="2019-08-07T02:06:30Z">
      <class name="api.restful.CreateLocation">
        <test-method status="PASS" signature="createLocation()[pri:1, instance:api.restful.CreateLocation@1b40d5f0]" name="createLocation" duration-ms="8310" started-at="2019-08-06T22:06:22Z" finished-at="2019-08-06T22:06:30Z">
          <reporter-output>
          </reporter-output>
        </test-method> <!-- createLocation -->
      </class> <!-- api.restful.CreateLocation -->
    </test> <!-- Default test -->
  </suite> <!-- Default suite -->
</testng-results>
